==12599== Memcheck, a memory error detector
==12599== Copyright (C) 2002-2017, and GNU GPL'd, by Julian Seward et al.
==12599== Using Valgrind-3.18.1 and LibVEX; rerun with -h for copyright info
==12599== Command: ./minishell
==12599== Parent PID: 8005
==12599== 
==12599== Conditional jump or move depends on uninitialised value(s)
==12599==    at 0x109DFF: ft_calloc (in /home/aldisti/Documents/Minishell/minishell)
==12599==    by 0x109B1B: ft_parser (in /home/aldisti/Documents/Minishell/minishell)
==12599==    by 0x1094D9: main (in /home/aldisti/Documents/Minishell/minishell)
==12599== 
==12599== Conditional jump or move depends on uninitialised value(s)
==12599==    at 0x4844842: malloc (in /usr/libexec/valgrind/vgpreload_memcheck-amd64-linux.so)
==12599==    by 0x109E18: ft_calloc (in /home/aldisti/Documents/Minishell/minishell)
==12599==    by 0x109B1B: ft_parser (in /home/aldisti/Documents/Minishell/minishell)
==12599==    by 0x1094D9: main (in /home/aldisti/Documents/Minishell/minishell)
==12599== 
==12599== Conditional jump or move depends on uninitialised value(s)
==12599==    at 0x109E58: ft_calloc (in /home/aldisti/Documents/Minishell/minishell)
==12599==    by 0x109B1B: ft_parser (in /home/aldisti/Documents/Minishell/minishell)
==12599==    by 0x1094D9: main (in /home/aldisti/Documents/Minishell/minishell)
==12599== 
==12599== Invalid write of size 8
==12599==    at 0x1096CB: ft_getcmd (in /home/aldisti/Documents/Minishell/minishell)
==12599==    by 0x10950F: main (in /home/aldisti/Documents/Minishell/minishell)
==12599==  Address 0x4b39958 is 0 bytes after a block of size 24 alloc'd
==12599==    at 0x4844899: malloc (in /usr/libexec/valgrind/vgpreload_memcheck-amd64-linux.so)
==12599==    by 0x109E18: ft_calloc (in /home/aldisti/Documents/Minishell/minishell)
==12599==    by 0x10965D: ft_getcmd (in /home/aldisti/Documents/Minishell/minishell)
==12599==    by 0x10950F: main (in /home/aldisti/Documents/Minishell/minishell)
==12599== 
==12599== Invalid read of size 8
==12599==    at 0x109723: ft_getcmd (in /home/aldisti/Documents/Minishell/minishell)
==12599==    by 0x10950F: main (in /home/aldisti/Documents/Minishell/minishell)
==12599==  Address 0x4b39958 is 0 bytes after a block of size 24 alloc'd
==12599==    at 0x4844899: malloc (in /usr/libexec/valgrind/vgpreload_memcheck-amd64-linux.so)
==12599==    by 0x109E18: ft_calloc (in /home/aldisti/Documents/Minishell/minishell)
==12599==    by 0x10965D: ft_getcmd (in /home/aldisti/Documents/Minishell/minishell)
==12599==    by 0x10950F: main (in /home/aldisti/Documents/Minishell/minishell)
==12599== 
==12600== Syscall param execve(argv) points to unaddressable byte(s)
==12600==    at 0x499F46B: execve (syscall-template.S:120)
==12600==    by 0x109971: ft_executor (in /home/aldisti/Documents/Minishell/minishell)
==12600==    by 0x109517: main (in /home/aldisti/Documents/Minishell/minishell)
==12600==  Address 0x4b39958 is 0 bytes after a block of size 24 alloc'd
==12600==    at 0x4844899: malloc (in /usr/libexec/valgrind/vgpreload_memcheck-amd64-linux.so)
==12600==    by 0x109E18: ft_calloc (in /home/aldisti/Documents/Minishell/minishell)
==12600==    by 0x10965D: ft_getcmd (in /home/aldisti/Documents/Minishell/minishell)
==12600==    by 0x10950F: main (in /home/aldisti/Documents/Minishell/minishell)
==12600== 
==12600== Invalid free() / delete / delete[] / realloc()
==12600==    at 0x484727F: free (in /usr/libexec/valgrind/vgpreload_memcheck-amd64-linux.so)
==12600==    by 0x109A2C: ft_executor (in /home/aldisti/Documents/Minishell/minishell)
==12600==    by 0x109517: main (in /home/aldisti/Documents/Minishell/minishell)
==12600==  Address 0x4b39b30 is 0 bytes inside a block of size 9 free'd
==12600==    at 0x484727F: free (in /usr/libexec/valgrind/vgpreload_memcheck-amd64-linux.so)
==12600==    by 0x1099F2: ft_executor (in /home/aldisti/Documents/Minishell/minishell)
==12600==    by 0x109517: main (in /home/aldisti/Documents/Minishell/minishell)
==12600==  Block was alloc'd at
==12600==    at 0x4844899: malloc (in /usr/libexec/valgrind/vgpreload_memcheck-amd64-linux.so)
==12600==    by 0x10A350: ft_substr (in /home/aldisti/Documents/Minishell/minishell)
==12600==    by 0x109FF8: ft_fill (in /home/aldisti/Documents/Minishell/minishell)
==12600==    by 0x10A0AD: ft_split (in /home/aldisti/Documents/Minishell/minishell)
==12600==    by 0x1098A2: ft_executor (in /home/aldisti/Documents/Minishell/minishell)
==12600==    by 0x109517: main (in /home/aldisti/Documents/Minishell/minishell)
==12600== 
==12600== Conditional jump or move depends on uninitialised value(s)
==12600==    at 0x10A2D0: ft_strlen (in /home/aldisti/Documents/Minishell/minishell)
==12600==    by 0x10A0E4: ft_strdup (in /home/aldisti/Documents/Minishell/minishell)
==12600==    by 0x109A6C: ft_executor (in /home/aldisti/Documents/Minishell/minishell)
==12600==    by 0x109517: main (in /home/aldisti/Documents/Minishell/minishell)
==12600== 
==12600== Conditional jump or move depends on uninitialised value(s)
==12600==    at 0x10A141: ft_strdup (in /home/aldisti/Documents/Minishell/minishell)
==12600==    by 0x109A6C: ft_executor (in /home/aldisti/Documents/Minishell/minishell)
==12600==    by 0x109517: main (in /home/aldisti/Documents/Minishell/minishell)
==12600== 
==12600== Conditional jump or move depends on uninitialised value(s)
==12600==    at 0x484AD19: strlen (in /usr/libexec/valgrind/vgpreload_memcheck-amd64-linux.so)
==12600==    by 0x49389F7: puts (ioputs.c:35)
==12600==    by 0x109527: main (in /home/aldisti/Documents/Minishell/minishell)
==12600== 
==12600== Conditional jump or move depends on uninitialised value(s)
==12600==    at 0x484AD28: strlen (in /usr/libexec/valgrind/vgpreload_memcheck-amd64-linux.so)
==12600==    by 0x49389F7: puts (ioputs.c:35)
==12600==    by 0x109527: main (in /home/aldisti/Documents/Minishell/minishell)
==12600== 
==12600== Conditional jump or move depends on uninitialised value(s)
==12600==    at 0x494306C: _IO_new_file_xsputn (fileops.c:1218)
==12600==    by 0x494306C: _IO_file_xsputn@@GLIBC_2.2.5 (fileops.c:1196)
==12600==    by 0x4938AAB: puts (ioputs.c:40)
==12600==    by 0x109527: main (in /home/aldisti/Documents/Minishell/minishell)
==12600== 
==12600== Syscall param write(buf) points to uninitialised byte(s)
==12600==    at 0x49C8D94: write (write.c:26)
==12600==    by 0x49428CC: _IO_file_write@@GLIBC_2.2.5 (fileops.c:1180)
==12600==    by 0x4944340: new_do_write (fileops.c:448)
==12600==    by 0x4944340: _IO_do_write@@GLIBC_2.2.5 (fileops.c:425)
==12600==    by 0x49447E2: _IO_file_overflow@@GLIBC_2.2.5 (fileops.c:783)
==12600==    by 0x4938B39: puts (ioputs.c:41)
==12600==    by 0x109527: main (in /home/aldisti/Documents/Minishell/minishell)
==12600==  Address 0x4b35c70 is 0 bytes inside a block of size 1,024 alloc'd
==12600==    at 0x4844899: malloc (in /usr/libexec/valgrind/vgpreload_memcheck-amd64-linux.so)
==12600==    by 0x49366D3: _IO_file_doallocate (filedoalloc.c:101)
==12600==    by 0x494560F: _IO_doallocbuf (genops.c:347)
==12600==    by 0x494487F: _IO_file_overflow@@GLIBC_2.2.5 (fileops.c:744)
==12600==    by 0x49430D4: _IO_new_file_xsputn (fileops.c:1243)
==12600==    by 0x49430D4: _IO_file_xsputn@@GLIBC_2.2.5 (fileops.c:1196)
==12600==    by 0x4937B66: fwrite (iofwrite.c:39)
==12600==    by 0x488780C: rl_prep_terminal (in /usr/lib/x86_64-linux-gnu/libreadline.so.8.2)
==12600==    by 0x488AF18: readline (in /usr/lib/x86_64-linux-gnu/libreadline.so.8.2)
==12600==    by 0x109402: main (in /home/aldisti/Documents/Minishell/minishell)
==12600== 
==12599== Invalid free() / delete / delete[] / realloc()
==12599==    at 0x484727F: free (in /usr/libexec/valgrind/vgpreload_memcheck-amd64-linux.so)
==12599==    by 0x109A2C: ft_executor (in /home/aldisti/Documents/Minishell/minishell)
==12599==    by 0x109517: main (in /home/aldisti/Documents/Minishell/minishell)
==12599==  Address 0x4b39b30 is 0 bytes inside a block of size 9 free'd
==12599==    at 0x484727F: free (in /usr/libexec/valgrind/vgpreload_memcheck-amd64-linux.so)
==12599==    by 0x1099F2: ft_executor (in /home/aldisti/Documents/Minishell/minishell)
==12599==    by 0x109517: main (in /home/aldisti/Documents/Minishell/minishell)
==12599==  Block was alloc'd at
==12599==    at 0x4844899: malloc (in /usr/libexec/valgrind/vgpreload_memcheck-amd64-linux.so)
==12599==    by 0x10A350: ft_substr (in /home/aldisti/Documents/Minishell/minishell)
==12599==    by 0x109FF8: ft_fill (in /home/aldisti/Documents/Minishell/minishell)
==12599==    by 0x10A0AD: ft_split (in /home/aldisti/Documents/Minishell/minishell)
==12599==    by 0x1098A2: ft_executor (in /home/aldisti/Documents/Minishell/minishell)
==12599==    by 0x109517: main (in /home/aldisti/Documents/Minishell/minishell)
==12599== 
==12600== Invalid read of size 8
==12600==    at 0x1098DE: ft_executor (in /home/aldisti/Documents/Minishell/minishell)
==12600==    by 0x109517: main (in /home/aldisti/Documents/Minishell/minishell)
==12600==  Address 0x4b3a2b0 is 0 bytes after a block of size 0 alloc'd
==12600==    at 0x4844899: malloc (in /usr/libexec/valgrind/vgpreload_memcheck-amd64-linux.so)
==12600==    by 0x109E18: ft_calloc (in /home/aldisti/Documents/Minishell/minishell)
==12600==    by 0x10965D: ft_getcmd (in /home/aldisti/Documents/Minishell/minishell)
==12600==    by 0x10950F: main (in /home/aldisti/Documents/Minishell/minishell)
==12600== 
==12600== Invalid free() / delete / delete[] / realloc()
==12600==    at 0x484727F: free (in /usr/libexec/valgrind/vgpreload_memcheck-amd64-linux.so)
==12600==    by 0x1097FC: ft_find_cmd (in /home/aldisti/Documents/Minishell/minishell)
==12600==    by 0x1098F2: ft_executor (in /home/aldisti/Documents/Minishell/minishell)
==12600==    by 0x109517: main (in /home/aldisti/Documents/Minishell/minishell)
==12600==  Address 0x10b054 is in a r-- mapped file /home/aldisti/Documents/Minishell/minishell segment
==12600== 
==12612== Syscall param write(buf) points to uninitialised byte(s)
==12612==    at 0x49C8D94: write (write.c:26)
==12612==    by 0x49428CC: _IO_file_write@@GLIBC_2.2.5 (fileops.c:1180)
==12612==    by 0x4944340: new_do_write (fileops.c:448)
==12612==    by 0x4944340: _IO_do_write@@GLIBC_2.2.5 (fileops.c:425)
==12612==    by 0x49430D4: _IO_new_file_xsputn (fileops.c:1243)
==12612==    by 0x49430D4: _IO_file_xsputn@@GLIBC_2.2.5 (fileops.c:1196)
==12612==    by 0x4938AAB: puts (ioputs.c:40)
==12612==    by 0x109527: main (in /home/aldisti/Documents/Minishell/minishell)
==12612==  Address 0x4b35c70 is 0 bytes inside a block of size 1,024 alloc'd
==12612==    at 0x4844899: malloc (in /usr/libexec/valgrind/vgpreload_memcheck-amd64-linux.so)
==12612==    by 0x49366D3: _IO_file_doallocate (filedoalloc.c:101)
==12612==    by 0x494560F: _IO_doallocbuf (genops.c:347)
==12612==    by 0x494487F: _IO_file_overflow@@GLIBC_2.2.5 (fileops.c:744)
==12612==    by 0x49430D4: _IO_new_file_xsputn (fileops.c:1243)
==12612==    by 0x49430D4: _IO_file_xsputn@@GLIBC_2.2.5 (fileops.c:1196)
==12612==    by 0x4937B66: fwrite (iofwrite.c:39)
==12612==    by 0x488780C: rl_prep_terminal (in /usr/lib/x86_64-linux-gnu/libreadline.so.8.2)
==12612==    by 0x488AF18: readline (in /usr/lib/x86_64-linux-gnu/libreadline.so.8.2)
==12612==    by 0x109402: main (in /home/aldisti/Documents/Minishell/minishell)
==12612== 
==12614== Syscall param write(buf) points to uninitialised byte(s)
==12614==    at 0x49C8D94: write (write.c:26)
==12614==    by 0x49428CC: _IO_file_write@@GLIBC_2.2.5 (fileops.c:1180)
==12614==    by 0x4944340: new_do_write (fileops.c:448)
==12614==    by 0x4944340: _IO_do_write@@GLIBC_2.2.5 (fileops.c:425)
==12614==    by 0x49430D4: _IO_new_file_xsputn (fileops.c:1243)
==12614==    by 0x49430D4: _IO_file_xsputn@@GLIBC_2.2.5 (fileops.c:1196)
==12614==    by 0x4938AAB: puts (ioputs.c:40)
==12614==    by 0x109527: main (in /home/aldisti/Documents/Minishell/minishell)
==12614==  Address 0x4b35c70 is 0 bytes inside a block of size 1,024 alloc'd
==12614==    at 0x4844899: malloc (in /usr/libexec/valgrind/vgpreload_memcheck-amd64-linux.so)
==12614==    by 0x49366D3: _IO_file_doallocate (filedoalloc.c:101)
==12614==    by 0x494560F: _IO_doallocbuf (genops.c:347)
==12614==    by 0x494487F: _IO_file_overflow@@GLIBC_2.2.5 (fileops.c:744)
==12614==    by 0x49430D4: _IO_new_file_xsputn (fileops.c:1243)
==12614==    by 0x49430D4: _IO_file_xsputn@@GLIBC_2.2.5 (fileops.c:1196)
==12614==    by 0x4937B66: fwrite (iofwrite.c:39)
==12614==    by 0x488780C: rl_prep_terminal (in /usr/lib/x86_64-linux-gnu/libreadline.so.8.2)
==12614==    by 0x488AF18: readline (in /usr/lib/x86_64-linux-gnu/libreadline.so.8.2)
==12614==    by 0x109402: main (in /home/aldisti/Documents/Minishell/minishell)
==12614== 
